0 info it worked if it ends with ok
1 verbose cli [ '/usr/bin/nodejs', '/usr/bin/npm', 'version', 'patch' ]
2 info using npm@3.10.8
3 info using node@v6.8.0
4 info git [ 'status', '--porcelain' ]
5 verbose stack Error: Git working directory not clean.
5 verbose stack M index.js
5 verbose stack M src/Citation-0.1.js
5 verbose stack M src/citeproc.js
5 verbose stack M src/wikidata.Citation-0.1.js
5 verbose stack     at /usr/lib/node_modules/npm/lib/version.js:247:19
5 verbose stack     at /usr/lib/node_modules/npm/lib/utils/no-progress-while-running.js:21:8
5 verbose stack     at ChildProcess.exithandler (child_process.js:197:7)
5 verbose stack     at emitTwo (events.js:106:13)
5 verbose stack     at ChildProcess.emit (events.js:191:7)
5 verbose stack     at maybeClose (internal/child_process.js:877:16)
5 verbose stack     at Socket.<anonymous> (internal/child_process.js:334:11)
5 verbose stack     at emitOne (events.js:96:13)
5 verbose stack     at Socket.emit (events.js:188:7)
5 verbose stack     at Pipe._handle.close [as _onclose] (net.js:498:12)
6 verbose cwd /home/larsw/Dropbox/html/Citation
7 error Linux 3.16.0-4-686-pae
8 error argv "/usr/bin/nodejs" "/usr/bin/npm" "version" "patch"
9 error node v6.8.0
10 error npm  v3.10.8
11 error Git working directory not clean.
11 error M index.js
11 error M src/Citation-0.1.js
11 error M src/citeproc.js
11 error M src/wikidata.Citation-0.1.js
12 error If you need help, you may report this error at:
12 error     <https://github.com/npm/npm/issues>
13 verbose exit [ 1, true ]
